<?xml version="1.0" encoding="UTF-8"?>
<testsuite xmlns:xsi="http://www.w3.org/2001/XMLSchema-instance" xsi:noNamespaceSchemaLocation="https://maven.apache.org/surefire/maven-surefire-plugin/xsd/surefire-test-report.xsd" name="com.study.CourseSharingSiteApplicationTests" time="5.718" tests="10" errors="3" skipped="0" failures="0">
  <properties>
[...]
</properties>
  <testcase name="testOss" classname="com.study.CourseSharingSiteApplicationTests" time="2.011">
    <error message="Index 0 out of bounds for length 0" type="java.lang.IndexOutOfBoundsException">java.lang.IndexOutOfBoundsException: Index 0 out of bounds for length 0
	at com.study.CourseSharingSiteApplicationTests.testOss(CourseSharingSiteApplicationTests.java:144)
</error>
    <system-out><![CDATA[22:09:11.388 [main] DEBUG org.springframework.test.context.BootstrapUtils - Instantiating CacheAwareContextLoaderDelegate from class [org.springframework.test.context.cache.DefaultCacheAwareContextLoaderDelegate]
22:09:11.398 [main] DEBUG org.springframework.test.context.BootstrapUtils - Instantiating BootstrapContext using constructor [public org.springframework.test.context.support.DefaultBootstrapContext(java.lang.Class,org.springframework.test.context.CacheAwareContextLoaderDelegate)]
22:09:11.427 [main] DEBUG org.springframework.test.context.BootstrapUtils - Instantiating TestContextBootstrapper for test class [com.study.CourseSharingSiteApplicationTests] from class [org.springframework.boot.test.context.SpringBootTestContextBootstrapper]
22:09:11.437 [main] INFO org.springframework.boot.test.context.SpringBootTestContextBootstrapper - Neither @ContextConfiguration nor @ContextHierarchy found for test class [com.study.CourseSharingSiteApplicationTests], using SpringBootContextLoader
22:09:11.440 [main] DEBUG org.springframework.test.context.support.AbstractContextLoader - Did not detect default resource location for test class [com.study.CourseSharingSiteApplicationTests]: class path resource [com/study/CourseSharingSiteApplicationTests-context.xml] does not exist
22:09:11.440 [main] DEBUG org.springframework.test.context.support.AbstractContextLoader - Did not detect default resource location for test class [com.study.CourseSharingSiteApplicationTests]: class path resource [com/study/CourseSharingSiteApplicationTestsContext.groovy] does not exist
22:09:11.440 [main] INFO org.springframework.test.context.support.AbstractContextLoader - Could not detect default resource locations for test class [com.study.CourseSharingSiteApplicationTests]: no resource found for suffixes {-context.xml, Context.groovy}.
22:09:11.441 [main] INFO org.springframework.test.context.support.AnnotationConfigContextLoaderUtils - Could not detect default configuration classes for test class [com.study.CourseSharingSiteApplicationTests]: CourseSharingSiteApplicationTests does not declare any static, non-private, non-final, nested classes annotated with @Configuration.
22:09:11.481 [main] DEBUG org.springframework.test.context.support.ActiveProfilesUtils - Could not find an 'annotation declaring class' for annotation type [org.springframework.test.context.ActiveProfiles] and class [com.study.CourseSharingSiteApplicationTests]
22:09:11.526 [main] DEBUG org.springframework.context.annotation.ClassPathScanningCandidateComponentProvider - Identified candidate component class: file [/Users/yuanbao/IdeaProjects/CourseSS/target/classes/com/study/CourseSharingSiteApplication.class]
22:09:11.527 [main] INFO org.springframework.boot.test.context.SpringBootTestContextBootstrapper - Found @SpringBootConfiguration com.study.CourseSharingSiteApplication for test class com.study.CourseSharingSiteApplicationTests
22:09:11.621 [main] DEBUG org.springframework.boot.test.context.SpringBootTestContextBootstrapper - @TestExecutionListeners is not present for class [com.study.CourseSharingSiteApplicationTests]: using defaults.
22:09:11.622 [main] INFO org.springframework.boot.test.context.SpringBootTestContextBootstrapper - Loaded default TestExecutionListener class names from location [META-INF/spring.factories]: [org.springframework.boot.test.mock.mockito.MockitoTestExecutionListener, org.springframework.boot.test.mock.mockito.ResetMocksTestExecutionListener, org.springframework.boot.test.autoconfigure.restdocs.RestDocsTestExecutionListener, org.springframework.boot.test.autoconfigure.web.client.MockRestServiceServerResetTestExecutionListener, org.springframework.boot.test.autoconfigure.web.servlet.MockMvcPrintOnlyOnFailureTestExecutionListener, org.springframework.boot.test.autoconfigure.web.servlet.WebDriverTestExecutionListener, org.springframework.boot.test.autoconfigure.webservices.client.MockWebServiceServerTestExecutionListener, org.springframework.test.context.web.ServletTestExecutionListener, org.springframework.test.context.support.DirtiesContextBeforeModesTestExecutionListener, org.springframework.test.context.event.ApplicationEventsTestExecutionListener, org.springframework.test.context.support.DependencyInjectionTestExecutionListener, org.springframework.test.context.support.DirtiesContextTestExecutionListener, org.springframework.test.context.transaction.TransactionalTestExecutionListener, org.springframework.test.context.jdbc.SqlScriptsTestExecutionListener, org.springframework.test.context.event.EventPublishingTestExecutionListener]
22:09:11.638 [main] INFO org.springframework.boot.test.context.SpringBootTestContextBootstrapper - Using TestExecutionListeners: [org.springframework.test.context.web.ServletTestExecutionListener@4278284b, org.springframework.test.context.support.DirtiesContextBeforeModesTestExecutionListener@9573584, org.springframework.test.context.event.ApplicationEventsTestExecutionListener@3370f42, org.springframework.boot.test.mock.mockito.MockitoTestExecutionListener@6057aebb, org.springframework.boot.test.autoconfigure.SpringBootDependencyInjectionTestExecutionListener@63eef88a, org.springframework.test.context.support.DirtiesContextTestExecutionListener@53251a66, org.springframework.test.context.transaction.TransactionalTestExecutionListener@6853425f, org.springframework.test.context.jdbc.SqlScriptsTestExecutionListener@352c1b98, org.springframework.test.context.event.EventPublishingTestExecutionListener@21129f1f, org.springframework.boot.test.mock.mockito.ResetMocksTestExecutionListener@5a9f4771, org.springframework.boot.test.autoconfigure.restdocs.RestDocsTestExecutionListener@282cb7c7, org.springframework.boot.test.autoconfigure.web.client.MockRestServiceServerResetTestExecutionListener@7d898981, org.springframework.boot.test.autoconfigure.web.servlet.MockMvcPrintOnlyOnFailureTestExecutionListener@48d61b48, org.springframework.boot.test.autoconfigure.web.servlet.WebDriverTestExecutionListener@68d279ec, org.springframework.boot.test.autoconfigure.webservices.client.MockWebServiceServerTestExecutionListener@258d79be]
22:09:11.641 [main] DEBUG org.springframework.test.context.support.AbstractDirtiesContextTestExecutionListener - Before test class: context [DefaultTestContext@6d07a63d testClass = CourseSharingSiteApplicationTests, testInstance = [null], testMethod = [null], testException = [null], mergedContextConfiguration = [WebMergedContextConfiguration@571c5681 testClass = CourseSharingSiteApplicationTests, locations = '{}', classes = '{class com.study.CourseSharingSiteApplication}', contextInitializerClasses = '[]', activeProfiles = '{}', propertySourceLocations = '{}', propertySourceProperties = '{org.springframework.boot.test.context.SpringBootTestContextBootstrapper=true}', contextCustomizers = set[org.springframework.boot.test.context.filter.ExcludeFilterContextCustomizer@6a6afff2, org.springframework.boot.test.json.DuplicateJsonObjectContextCustomizerFactory$DuplicateJsonObjectContextCustomizer@4da4253, org.springframework.boot.test.mock.mockito.MockitoContextCustomizer@0, org.springframework.boot.test.web.client.TestRestTemplateContextCustomizer@3e6ef8ad, org.springframework.boot.test.autoconfigure.actuate.metrics.MetricsExportContextCustomizerFactory$DisableMetricExportContextCustomizer@3738449f, org.springframework.boot.test.autoconfigure.properties.PropertyMappingContextCustomizer@0, org.springframework.boot.test.autoconfigure.web.servlet.WebDriverContextCustomizerFactory$Customizer@649bec2e, org.springframework.boot.test.context.SpringBootTestArgs@1, org.springframework.boot.test.context.SpringBootTestWebEnvironment@1f554b06], resourceBasePath = 'src/main/webapp', contextLoader = 'org.springframework.boot.test.context.SpringBootContextLoader', parent = [null]], attributes = map['org.springframework.test.context.web.ServletTestExecutionListener.activateListener' -> true]], class annotated with @DirtiesContext [false] with mode [null].
22:09:11.672 [main] DEBUG org.springframework.test.context.support.TestPropertySourceUtils - Adding inlined properties to environment: {spring.jmx.enabled=false, org.springframework.boot.test.context.SpringBootTestContextBootstrapper=true}
     __            _       ___      __     ___      _
    / _|  __ __   | |__   |_  )    /  \   |_  )    / |
   |  _|  \ \ /   | / /    / /    | () |   / /     | |
  _|_|_   /_\_\   |_\_\   /___|   _\__/   /___|   _|_|_
_|"""""|_|"""""|_|"""""|_|"""""|_|"""""|_|"""""|_|"""""|
"`-0-0-'"`-0-0-'"`-0-0-'"`-0-0-'"`-0-0-'"`-0-0-'"`-0-0-'

2021-08-20 22:09:11.929  INFO 9976 --- [           main] c.s.CourseSharingSiteApplicationTests    : Starting CourseSharingSiteApplicationTests using Java 14.0.1 on yuanbaodembp with PID 9976 (started by yuanbao in /Users/yuanbao/IdeaProjects/CourseSS)
2021-08-20 22:09:11.931  INFO 9976 --- [           main] c.s.CourseSharingSiteApplicationTests    : No active profile set, falling back to default profiles: default
2021-08-20 22:09:12.995  INFO 9976 --- [           main] c.a.d.s.b.a.DruidDataSourceAutoConfigure : Init DruidDataSource
2021-08-20 22:09:13.223  INFO 9976 --- [           main] com.alibaba.druid.pool.DruidDataSource   : {dataSource-1} inited
2021-08-20 22:09:13.821  INFO 9976 --- [           main] o.s.s.web.DefaultSecurityFilterChain     : Will secure any request with [org.springframework.security.web.context.request.async.WebAsyncManagerIntegrationFilter@31723307, org.springframework.security.web.context.SecurityContextPersistenceFilter@2efd2f21, org.springframework.security.web.header.HeaderWriterFilter@19e21f89, org.springframework.security.web.authentication.logout.LogoutFilter@6ad1701a, org.springframework.security.web.authentication.UsernamePasswordAuthenticationFilter@79b18230, org.springframework.security.web.savedrequest.RequestCacheAwareFilter@50110971, org.springframework.security.web.servletapi.SecurityContextHolderAwareRequestFilter@4db77402, org.springframework.security.web.authentication.AnonymousAuthenticationFilter@2401856, org.springframework.security.web.session.SessionManagementFilter@7e7743ec, org.springframework.security.web.access.ExceptionTranslationFilter@3ba1308d, org.springframework.security.web.access.intercept.FilterSecurityInterceptor@570ba13]
2021-08-20 22:09:14.344  INFO 9976 --- [           main] o.s.b.a.w.s.WelcomePageHandlerMapping    : Adding welcome page template: index
2021-08-20 22:09:14.845  INFO 9976 --- [           main] c.s.CourseSharingSiteApplicationTests    : Started CourseSharingSiteApplicationTests in 3.166 seconds (JVM running for 3.967)
]]></system-out>
  </testcase>
  <testcase name="testReply" classname="com.study.CourseSharingSiteApplicationTests" time="0.005"/>
  <testcase name="testUtil" classname="com.study.CourseSharingSiteApplicationTests" time="0.006">
    <error message="/Users/yuanbao/Desktop/temp/result.zip (No such file or directory)" type="java.io.FileNotFoundException">java.io.FileNotFoundException: /Users/yuanbao/Desktop/temp/result.zip (No such file or directory)
	at com.study.CourseSharingSiteApplicationTests.testUtil(CourseSharingSiteApplicationTests.java:161)
</error>
  </testcase>
  <testcase name="testMessage" classname="com.study.CourseSharingSiteApplicationTests" time="0.011"/>
  <testcase name="testTimeStamp" classname="com.study.CourseSharingSiteApplicationTests" time="0.012"/>
  <testcase name="contextLoads" classname="com.study.CourseSharingSiteApplicationTests" time="0.002"/>
  <testcase name="testMybatis" classname="com.study.CourseSharingSiteApplicationTests" time="0.013"/>
  <testcase name="testCourse" classname="com.study.CourseSharingSiteApplicationTests" time="0.007"/>
  <testcase name="testAllMessage" classname="com.study.CourseSharingSiteApplicationTests" time="0.081">
    <error type="java.lang.NullPointerException">java.lang.NullPointerException
	at com.study.CourseSharingSiteApplicationTests.testAllMessage(CourseSharingSiteApplicationTests.java:58)
</error>
  </testcase>
  <testcase name="testDownload" classname="com.study.CourseSharingSiteApplicationTests" time="0.004"/>
</testsuite>